2014/01/02 17:32:09 [error] [system.db.CDbCommand] CDbCommand::fetchColumn() failed: SQLSTATE[42S02]: Base table or view not found: 1146 Table 'ideality.authitem' doesn't exist. The SQL statement executed was: SELECT COUNT(*) FROM AuthItem.
in C:\xampp\htdocs\ideality\protected\modules\rights\components\RInstaller.php (180)
in C:\xampp\htdocs\ideality\protected\modules\rights\controllers\InstallController.php (43)
in C:\xampp\htdocs\ideality\index.php (13)
2014/01/02 17:32:16 [error] [exception.CDbException] exception 'CDbException' with message 'Active record "User" is trying to select an invalid column "user.lastvisit_at". Note, the column must exist in the table or be an expression with alias.' in C:\xampp\yii\framework\db\ar\CActiveFinder.php:960
Stack trace:
#0 C:\xampp\yii\framework\db\ar\CActiveFinder.php(1261): CJoinElement->getColumnSelect(Array)
#1 C:\xampp\yii\framework\db\ar\CActiveFinder.php(433): CJoinQuery->__construct(Object(CJoinElement), Object(CDbCriteria))
#2 C:\xampp\yii\framework\db\ar\CActiveFinder.php(68): CJoinElement->find(Object(CDbCriteria))
#3 C:\xampp\yii\framework\db\ar\CActiveRecord.php(1356): CActiveFinder->query(Object(CDbCriteria), false)
#4 C:\xampp\yii\framework\db\ar\CActiveRecord.php(1519): CActiveRecord->query(Object(CDbCriteria))
#5 C:\xampp\htdocs\ideality\protected\modules\user\components\UserIdentity.php(27): CActiveRecord->findByAttributes(Array)
#6 C:\xampp\htdocs\ideality\protected\modules\user\models\UserLogin.php(52): UserIdentity->authenticate()
#7 C:\xampp\yii\framework\validators\CInlineValidator.php(42): UserLogin->authenticate('password', Array)
#8 C:\xampp\yii\framework\validators\CValidator.php(213): CInlineValidator->validateAttribute(Object(UserLogin), 'password')
#9 C:\xampp\yii\framework\base\CModel.php(159): CValidator->validate(Object(UserLogin), NULL)
#10 C:\xampp\htdocs\ideality\protected\modules\user\controllers\LoginController.php(19): CModel->validate()
#11 C:\xampp\yii\framework\web\actions\CInlineAction.php(49): LoginController->actionLogin()
#12 C:\xampp\yii\framework\web\CController.php(308): CInlineAction->runWithParams(Array)
#13 C:\xampp\yii\framework\web\CController.php(286): CController->runAction(Object(CInlineAction))
#14 C:\xampp\yii\framework\web\CController.php(265): CController->runActionWithFilters(Object(CInlineAction), Array)
#15 C:\xampp\yii\framework\web\CWebApplication.php(282): CController->run('')
#16 C:\xampp\yii\framework\web\CWebApplication.php(141): CWebApplication->runController('user/login')
#17 C:\xampp\yii\framework\base\CApplication.php(180): CWebApplication->processRequest()
#18 C:\xampp\htdocs\ideality\index.php(13): CApplication->run()
#19 {main}
REQUEST_URI=/ideality/index.php?r=user/login
HTTP_REFERER=http://localhost/ideality/index.php?r=user/login
---
2014/01/02 17:33:12 [error] [system.db.CDbCommand] CDbCommand::fetchAll() failed: SQLSTATE[42S02]: Base table or view not found: 1146 Table 'ideality.authassignment' doesn't exist. The SQL statement executed was: SELECT *
FROM `AuthAssignment`
WHERE userid=:userid.
in C:\xampp\htdocs\ideality\protected\modules\rights\components\RAuthorizer.php (341)
in C:\xampp\htdocs\ideality\protected\modules\rights\components\RWebUser.php (21)
in C:\xampp\htdocs\ideality\protected\modules\user\models\UserLogin.php (57)
2014/01/02 17:33:12 [error] [exception.CDbException] exception 'CDbException' with message 'CDbCommand failed to execute the SQL statement: SQLSTATE[42S02]: Base table or view not found: 1146 Table 'ideality.authassignment' doesn't exist. The SQL statement executed was: SELECT *
FROM `AuthAssignment`
WHERE userid=:userid' in C:\xampp\yii\framework\db\CDbCommand.php:543
Stack trace:
#0 C:\xampp\yii\framework\db\CDbCommand.php(396): CDbCommand->queryInternal('fetchAll', Array, Array)
#1 C:\xampp\yii\framework\web\auth\CDbAuthManager.php(337): CDbCommand->queryAll()
#2 C:\xampp\htdocs\ideality\protected\modules\rights\components\RAuthorizer.php(341): CDbAuthManager->getAuthAssignments('1')
#3 C:\xampp\htdocs\ideality\protected\modules\rights\components\RWebUser.php(21): RAuthorizer->isSuperuser('1')
#4 C:\xampp\yii\framework\web\auth\CWebUser.php(246): RWebUser->afterLogin(false)
#5 C:\xampp\htdocs\ideality\protected\modules\user\models\UserLogin.php(57): CWebUser->login(Object(UserIdentity), 2592000)
#6 C:\xampp\yii\framework\validators\CInlineValidator.php(42): UserLogin->authenticate('password', Array)
#7 C:\xampp\yii\framework\validators\CValidator.php(213): CInlineValidator->validateAttribute(Object(UserLogin), 'password')
#8 C:\xampp\yii\framework\base\CModel.php(159): CValidator->validate(Object(UserLogin), NULL)
#9 C:\xampp\htdocs\ideality\protected\modules\user\controllers\LoginController.php(19): CModel->validate()
#10 C:\xampp\yii\framework\web\actions\CInlineAction.php(49): LoginController->actionLogin()
#11 C:\xampp\yii\framework\web\CController.php(308): CInlineAction->runWithParams(Array)
#12 C:\xampp\yii\framework\web\CController.php(286): CController->runAction(Object(CInlineAction))
#13 C:\xampp\yii\framework\web\CController.php(265): CController->runActionWithFilters(Object(CInlineAction), Array)
#14 C:\xampp\yii\framework\web\CWebApplication.php(282): CController->run('')
#15 C:\xampp\yii\framework\web\CWebApplication.php(141): CWebApplication->runController('user/login')
#16 C:\xampp\yii\framework\base\CApplication.php(180): CWebApplication->processRequest()
#17 C:\xampp\htdocs\ideality\index.php(13): CApplication->run()
#18 {main}
REQUEST_URI=/ideality/index.php?r=user/login
HTTP_REFERER=http://localhost/ideality/index.php?r=user/login
---
2014/01/02 17:34:47 [error] [system.db.CDbCommand] CDbCommand::fetchColumn() failed: SQLSTATE[42S02]: Base table or view not found: 1146 Table 'ideality.authitem' doesn't exist. The SQL statement executed was: SELECT COUNT(*) FROM AuthItem.
in C:\xampp\htdocs\ideality\protected\modules\rights\components\RInstaller.php (180)
in C:\xampp\htdocs\ideality\protected\modules\rights\controllers\InstallController.php (43)
in C:\xampp\htdocs\ideality\index.php (13)
2014/01/03 08:20:24 [error] [exception.CHttpException.404] exception 'CHttpException' with message 'Unable to resolve the request "Gii".' in C:\xampp\yii\framework\web\CWebApplication.php:286
Stack trace:
#0 C:\xampp\yii\framework\web\CWebApplication.php(141): CWebApplication->runController('Gii')
#1 C:\xampp\yii\framework\base\CApplication.php(180): CWebApplication->processRequest()
#2 C:\xampp\htdocs\ideality\index.php(13): CApplication->run()
#3 {main}
REQUEST_URI=/ideality/index.php/?r=Gii
---
2014/01/04 11:04:34 [error] [exception.CException] exception 'CException' with message 'Property "CActiveForm.encoding" is not defined.' in C:\xampp\yii\framework\base\CComponent.php:173
Stack trace:
#0 C:\xampp\yii\framework\web\CWidgetFactory.php(161): CComponent->__set('encoding', 'multipart/form-...')
#1 C:\xampp\yii\framework\web\CBaseController.php(146): CWidgetFactory->createWidget(Object(IdealityController), 'CActiveForm', Array)
#2 C:\xampp\yii\framework\web\CBaseController.php(189): CBaseController->createWidget('CActiveForm', Array)
#3 C:\xampp\htdocs\ideality\protected\views\ideality\_form.php(7): CBaseController->beginWidget('CActiveForm', Array)
#4 C:\xampp\yii\framework\web\CBaseController.php(126): require('C:\xampp\htdocs...')
#5 C:\xampp\yii\framework\web\CBaseController.php(95): CBaseController->renderInternal('C:\xampp\htdocs...', Array, true)
#6 C:\xampp\yii\framework\web\CController.php(869): CBaseController->renderFile('C:\xampp\htdocs...', Array, true)
#7 C:\xampp\htdocs\ideality\protected\views\ideality\create.php(15): CController->renderPartial('_form', Array)
#8 C:\xampp\yii\framework\web\CBaseController.php(126): require('C:\xampp\htdocs...')
#9 C:\xampp\yii\framework\web\CBaseController.php(95): CBaseController->renderInternal('C:\xampp\htdocs...', Array, true)
#10 C:\xampp\yii\framework\web\CController.php(869): CBaseController->renderFile('C:\xampp\htdocs...', Array, true)
#11 C:\xampp\yii\framework\web\CController.php(782): CController->renderPartial('create', Array, true)
#12 C:\xampp\htdocs\ideality\protected\controllers\IdealityController.php(82): CController->render('create', Array)
#13 C:\xampp\yii\framework\web\actions\CInlineAction.php(49): IdealityController->actionCreate()
#14 C:\xampp\yii\framework\web\CController.php(308): CInlineAction->runWithParams(Array)
#15 C:\xampp\yii\framework\web\filters\CFilterChain.php(133): CController->runAction(Object(CInlineAction))
#16 C:\xampp\yii\framework\web\filters\CFilter.php(40): CFilterChain->run()
#17 C:\xampp\yii\framework\web\CController.php(1145): CFilter->filter(Object(CFilterChain))
#18 C:\xampp\yii\framework\web\filters\CInlineFilter.php(58): CController->filterAccessControl(Object(CFilterChain))
#19 C:\xampp\yii\framework\web\filters\CFilterChain.php(130): CInlineFilter->filter(Object(CFilterChain))
#20 C:\xampp\yii\framework\web\CController.php(291): CFilterChain->run()
#21 C:\xampp\yii\framework\web\CController.php(265): CController->runActionWithFilters(Object(CInlineAction), Array)
#22 C:\xampp\yii\framework\web\CWebApplication.php(282): CController->run('create')
#23 C:\xampp\yii\framework\web\CWebApplication.php(141): CWebApplication->runController('ideality/create')
#24 C:\xampp\yii\framework\base\CApplication.php(180): CWebApplication->processRequest()
#25 C:\xampp\htdocs\ideality\index.php(13): CApplication->run()
#26 {main}
REQUEST_URI=/ideality/index.php?r=ideality/create
HTTP_REFERER=http://localhost/ideality/index.php?r=ideality
---
2014/01/04 11:04:35 [error] [exception.CException] exception 'CException' with message 'Property "CActiveForm.encoding" is not defined.' in C:\xampp\yii\framework\base\CComponent.php:173
Stack trace:
#0 C:\xampp\yii\framework\web\CWidgetFactory.php(161): CComponent->__set('encoding', 'multipart/form-...')
#1 C:\xampp\yii\framework\web\CBaseController.php(146): CWidgetFactory->createWidget(Object(IdealityController), 'CActiveForm', Array)
#2 C:\xampp\yii\framework\web\CBaseController.php(189): CBaseController->createWidget('CActiveForm', Array)
#3 C:\xampp\htdocs\ideality\protected\views\ideality\_form.php(7): CBaseController->beginWidget('CActiveForm', Array)
#4 C:\xampp\yii\framework\web\CBaseController.php(126): require('C:\xampp\htdocs...')
#5 C:\xampp\yii\framework\web\CBaseController.php(95): CBaseController->renderInternal('C:\xampp\htdocs...', Array, true)
#6 C:\xampp\yii\framework\web\CController.php(869): CBaseController->renderFile('C:\xampp\htdocs...', Array, true)
#7 C:\xampp\htdocs\ideality\protected\views\ideality\create.php(15): CController->renderPartial('_form', Array)
#8 C:\xampp\yii\framework\web\CBaseController.php(126): require('C:\xampp\htdocs...')
#9 C:\xampp\yii\framework\web\CBaseController.php(95): CBaseController->renderInternal('C:\xampp\htdocs...', Array, true)
#10 C:\xampp\yii\framework\web\CController.php(869): CBaseController->renderFile('C:\xampp\htdocs...', Array, true)
#11 C:\xampp\yii\framework\web\CController.php(782): CController->renderPartial('create', Array, true)
#12 C:\xampp\htdocs\ideality\protected\controllers\IdealityController.php(82): CController->render('create', Array)
#13 C:\xampp\yii\framework\web\actions\CInlineAction.php(49): IdealityController->actionCreate()
#14 C:\xampp\yii\framework\web\CController.php(308): CInlineAction->runWithParams(Array)
#15 C:\xampp\yii\framework\web\filters\CFilterChain.php(133): CController->runAction(Object(CInlineAction))
#16 C:\xampp\yii\framework\web\filters\CFilter.php(40): CFilterChain->run()
#17 C:\xampp\yii\framework\web\CController.php(1145): CFilter->filter(Object(CFilterChain))
#18 C:\xampp\yii\framework\web\filters\CInlineFilter.php(58): CController->filterAccessControl(Object(CFilterChain))
#19 C:\xampp\yii\framework\web\filters\CFilterChain.php(130): CInlineFilter->filter(Object(CFilterChain))
#20 C:\xampp\yii\framework\web\CController.php(291): CFilterChain->run()
#21 C:\xampp\yii\framework\web\CController.php(265): CController->runActionWithFilters(Object(CInlineAction), Array)
#22 C:\xampp\yii\framework\web\CWebApplication.php(282): CController->run('create')
#23 C:\xampp\yii\framework\web\CWebApplication.php(141): CWebApplication->runController('ideality/create')
#24 C:\xampp\yii\framework\base\CApplication.php(180): CWebApplication->processRequest()
#25 C:\xampp\htdocs\ideality\index.php(13): CApplication->run()
#26 {main}
REQUEST_URI=/ideality/index.php?r=ideality/create
HTTP_REFERER=http://localhost/ideality/index.php?r=ideality
---
2014/01/04 11:04:44 [error] [php] Use of undefined constant encoding - assumed 'encoding' (C:\xampp\htdocs\ideality\protected\views\ideality\_form.php:6)
Stack trace:
#0 C:\xampp\yii\framework\web\CController.php(869): IdealityController->renderFile()
#1 C:\xampp\htdocs\ideality\protected\views\ideality\create.php(15): IdealityController->renderPartial()
#2 C:\xampp\yii\framework\web\CBaseController.php(126): require()
#3 C:\xampp\yii\framework\web\CBaseController.php(95): IdealityController->renderInternal()
#4 C:\xampp\yii\framework\web\CController.php(869): IdealityController->renderFile()
#5 C:\xampp\yii\framework\web\CController.php(782): IdealityController->renderPartial()
#6 C:\xampp\htdocs\ideality\protected\controllers\IdealityController.php(82): IdealityController->render()
#7 C:\xampp\yii\framework\web\actions\CInlineAction.php(49): IdealityController->actionCreate()
#8 C:\xampp\yii\framework\web\CController.php(308): CInlineAction->runWithParams()
#9 C:\xampp\yii\framework\web\filters\CFilterChain.php(133): IdealityController->runAction()
#10 C:\xampp\yii\framework\web\filters\CFilter.php(40): CFilterChain->run()
#11 C:\xampp\yii\framework\web\CController.php(1145): CAccessControlFilter->filter()
#12 C:\xampp\yii\framework\web\filters\CInlineFilter.php(58): IdealityController->filterAccessControl()
#13 C:\xampp\yii\framework\web\filters\CFilterChain.php(130): CInlineFilter->filter()
#14 C:\xampp\yii\framework\web\CController.php(291): CFilterChain->run()
#15 C:\xampp\yii\framework\web\CController.php(265): IdealityController->runActionWithFilters()
#16 C:\xampp\yii\framework\web\CWebApplication.php(282): IdealityController->run()
#17 C:\xampp\yii\framework\web\CWebApplication.php(141): CWebApplication->runController()
#18 C:\xampp\yii\framework\base\CApplication.php(180): CWebApplication->processRequest()
#19 C:\xampp\htdocs\ideality\index.php(13): CWebApplication->run()
REQUEST_URI=/ideality/index.php?r=ideality/create
in C:\xampp\htdocs\ideality\protected\views\ideality\_form.php (6)
in C:\xampp\htdocs\ideality\protected\views\ideality\create.php (15)
in C:\xampp\htdocs\ideality\protected\controllers\IdealityController.php (82)
2014/01/05 12:11:57 [warning] [application] Failed to set unsafe attribute "file_attach" of "Ideality".
in C:\xampp\htdocs\ideality\protected\controllers\IdealityController.php (75)
in C:\xampp\htdocs\ideality\index.php (13)
2014/01/05 12:13:18 [warning] [application] Failed to set unsafe attribute "file_attach" of "Ideality".
in C:\xampp\htdocs\ideality\protected\controllers\IdealityController.php (75)
in C:\xampp\htdocs\ideality\index.php (13)
2014/01/05 12:13:50 [warning] [application] Failed to set unsafe attribute "file_attach" of "Ideality".
in C:\xampp\htdocs\ideality\protected\controllers\IdealityController.php (75)
in C:\xampp\htdocs\ideality\index.php (13)
2014/01/05 12:14:17 [warning] [application] Failed to set unsafe attribute "file_attach" of "Ideality".
in C:\xampp\htdocs\ideality\protected\controllers\IdealityController.php (75)
in C:\xampp\htdocs\ideality\index.php (13)
2014/01/05 12:22:05 [warning] [application] Failed to set unsafe attribute "file_attach" of "Ideality".
in C:\xampp\htdocs\ideality\protected\controllers\IdealityController.php (75)
in C:\xampp\htdocs\ideality\index.php (13)
2014/01/05 12:24:32 [warning] [application] Failed to set unsafe attribute "file_attach" of "Ideality".
in C:\xampp\htdocs\ideality\protected\controllers\IdealityController.php (75)
in C:\xampp\htdocs\ideality\index.php (13)
2014/01/06 12:40:35 [warning] [application] Failed to set unsafe attribute "verifyCode" of "RegistrationForm".
in C:\xampp\htdocs\ideality\protected\modules\user\controllers\RegistrationController.php (30)
in C:\xampp\htdocs\ideality\index.php (13)
2014/01/06 12:40:38 [warning] [application] Failed to set unsafe attribute "verifyCode" of "RegistrationForm".
in C:\xampp\htdocs\ideality\protected\modules\user\controllers\RegistrationController.php (30)
in C:\xampp\htdocs\ideality\index.php (13)
2014/01/06 12:40:43 [warning] [application] Failed to set unsafe attribute "verifyCode" of "RegistrationForm".
in C:\xampp\htdocs\ideality\protected\modules\user\controllers\RegistrationController.php (30)
in C:\xampp\htdocs\ideality\index.php (13)
2014/01/07 11:34:26 [error] [php] Illegal string offset 'title' (C:\xampp\htdocs\ideality\protected\views\layouts\front-end.php:90)
Stack trace:
#0 C:\xampp\yii\framework\web\CController.php(784): IdealityController->renderFile()
#1 C:\xampp\htdocs\ideality\protected\controllers\IdealityController.php(139): IdealityController->render()
#2 C:\xampp\yii\framework\web\actions\CInlineAction.php(49): IdealityController->actionIndex()
#3 C:\xampp\yii\framework\web\CController.php(308): CInlineAction->runWithParams()
#4 C:\xampp\yii\framework\web\filters\CFilterChain.php(133): IdealityController->runAction()
#5 C:\xampp\yii\framework\web\filters\CFilter.php(40): CFilterChain->run()
#6 C:\xampp\yii\framework\web\CController.php(1145): CAccessControlFilter->filter()
#7 C:\xampp\yii\framework\web\filters\CInlineFilter.php(58): IdealityController->filterAccessControl()
#8 C:\xampp\yii\framework\web\filters\CFilterChain.php(130): CInlineFilter->filter()
#9 C:\xampp\yii\framework\web\CController.php(291): CFilterChain->run()
#10 C:\xampp\yii\framework\web\CController.php(265): IdealityController->runActionWithFilters()
#11 C:\xampp\yii\framework\web\CWebApplication.php(282): IdealityController->run()
#12 C:\xampp\yii\framework\web\CWebApplication.php(141): CWebApplication->runController()
#13 C:\xampp\yii\framework\base\CApplication.php(180): CWebApplication->processRequest()
#14 C:\xampp\htdocs\ideality\index.php(13): CWebApplication->run()
REQUEST_URI=/ideality/index.php?r=ideality
in C:\xampp\htdocs\ideality\protected\views\layouts\front-end.php (90)
in C:\xampp\htdocs\ideality\protected\controllers\IdealityController.php (139)
in C:\xampp\htdocs\ideality\index.php (13)
2014/01/08 13:46:17 [error] [exception.CHttpException.404] exception 'CHttpException' with message 'The system is unable to find the requested action "condition".' in C:\xampp\yii\framework\web\CController.php:483
Stack trace:
#0 C:\xampp\yii\framework\web\CController.php(270): CController->missingAction('condition')
#1 C:\xampp\yii\framework\web\CWebApplication.php(282): CController->run('condition')
#2 C:\xampp\yii\framework\web\CWebApplication.php(141): CWebApplication->runController('site/condition')
#3 C:\xampp\yii\framework\base\CApplication.php(180): CWebApplication->processRequest()
#4 C:\xampp\htdocs\ideality\index.php(13): CApplication->run()
#5 {main}
REQUEST_URI=/ideality/index.php?r=site/condition
HTTP_REFERER=http://localhost/ideality/index.php
---
2014/01/08 14:56:07 [error] [exception.CHttpException.404] exception 'CHttpException' with message 'The system is unable to find the requested action "index".' in C:\xampp\yii\framework\web\CController.php:483
Stack trace:
#0 C:\xampp\yii\framework\web\CController.php(270): CController->missingAction('index')
#1 C:\xampp\yii\framework\web\CWebApplication.php(282): CController->run('index')
#2 C:\xampp\yii\framework\web\CWebApplication.php(141): CWebApplication->runController('user/admin/inde...')
#3 C:\xampp\yii\framework\base\CApplication.php(180): CWebApplication->processRequest()
#4 C:\xampp\htdocs\ideality\index.php(13): CApplication->run()
#5 {main}
REQUEST_URI=/ideality/index.php?r=user/admin/index
---
2014/01/08 15:22:09 [error] [exception.CException] exception 'CException' with message 'RWebUser and its behaviors do not have a method or closure named "updateSession".' in C:\xampp\yii\framework\base\CComponent.php:266
Stack trace:
#0 C:\xampp\htdocs\ideality\protected\modules\user\controllers\ProfileController.php(49): CComponent->__call('updateSession', Array)
#1 C:\xampp\htdocs\ideality\protected\modules\user\controllers\ProfileController.php(49): RWebUser->updateSession()
#2 C:\xampp\yii\framework\web\actions\CInlineAction.php(49): ProfileController->actionEdit()
#3 C:\xampp\yii\framework\web\CController.php(308): CInlineAction->runWithParams(Array)
#4 C:\xampp\yii\framework\web\CController.php(286): CController->runAction(Object(CInlineAction))
#5 C:\xampp\yii\framework\web\CController.php(265): CController->runActionWithFilters(Object(CInlineAction), Array)
#6 C:\xampp\yii\framework\web\CWebApplication.php(282): CController->run('edit')
#7 C:\xampp\yii\framework\web\CWebApplication.php(141): CWebApplication->runController('user/profile/ed...')
#8 C:\xampp\yii\framework\base\CApplication.php(180): CWebApplication->processRequest()
#9 C:\xampp\htdocs\ideality\index.php(13): CApplication->run()
#10 {main}
REQUEST_URI=/ideality/index.php?r=user/profile/edit
HTTP_REFERER=http://localhost/ideality/index.php?r=user/profile/edit
---
2014/01/08 15:36:38 [error] [exception.CException] exception 'CException' with message 'CWebUser and its behaviors do not have a method or closure named "updateSession".' in C:\xampp\yii\framework\base\CComponent.php:266
Stack trace:
#0 C:\xampp\htdocs\ideality\protected\modules\user\controllers\ProfileController.php(49): CComponent->__call('updateSession', Array)
#1 C:\xampp\htdocs\ideality\protected\modules\user\controllers\ProfileController.php(49): CWebUser->updateSession()
#2 C:\xampp\yii\framework\web\actions\CInlineAction.php(49): ProfileController->actionEdit()
#3 C:\xampp\yii\framework\web\CController.php(308): CInlineAction->runWithParams(Array)
#4 C:\xampp\yii\framework\web\CController.php(286): CController->runAction(Object(CInlineAction))
#5 C:\xampp\yii\framework\web\CController.php(265): CController->runActionWithFilters(Object(CInlineAction), Array)
#6 C:\xampp\yii\framework\web\CWebApplication.php(282): CController->run('edit')
#7 C:\xampp\yii\framework\web\CWebApplication.php(141): CWebApplication->runController('user/profile/ed...')
#8 C:\xampp\yii\framework\base\CApplication.php(180): CWebApplication->processRequest()
#9 C:\xampp\htdocs\ideality\index.php(13): CApplication->run()
#10 {main}
REQUEST_URI=/ideality/index.php?r=user/profile/edit
HTTP_REFERER=http://localhost/ideality/index.php?r=user/profile/edit
---
2014/01/08 15:37:18 [error] [exception.CException] exception 'CException' with message 'RWebUser and its behaviors do not have a method or closure named "updateSession".' in C:\xampp\yii\framework\base\CComponent.php:266
Stack trace:
#0 C:\xampp\htdocs\ideality\protected\modules\user\controllers\ProfileController.php(49): CComponent->__call('updateSession', Array)
#1 C:\xampp\htdocs\ideality\protected\modules\user\controllers\ProfileController.php(49): RWebUser->updateSession()
#2 C:\xampp\yii\framework\web\actions\CInlineAction.php(49): ProfileController->actionEdit()
#3 C:\xampp\yii\framework\web\CController.php(308): CInlineAction->runWithParams(Array)
#4 C:\xampp\yii\framework\web\CController.php(286): CController->runAction(Object(CInlineAction))
#5 C:\xampp\yii\framework\web\CController.php(265): CController->runActionWithFilters(Object(CInlineAction), Array)
#6 C:\xampp\yii\framework\web\CWebApplication.php(282): CController->run('edit')
#7 C:\xampp\yii\framework\web\CWebApplication.php(141): CWebApplication->runController('user/profile/ed...')
#8 C:\xampp\yii\framework\base\CApplication.php(180): CWebApplication->processRequest()
#9 C:\xampp\htdocs\ideality\index.php(13): CApplication->run()
#10 {main}
REQUEST_URI=/ideality/index.php?r=user/profile/edit
HTTP_REFERER=http://localhost/ideality/index.php?r=user/profile/edit
---
2014/01/08 16:31:17 [warning] [application] Failed to set unsafe attribute "file_attach" of "Ideality".
in C:\xampp\htdocs\ideality\protected\controllers\IdealityController.php (75)
in C:\xampp\htdocs\ideality\index.php (13)
2014/01/08 16:50:06 [error] [php] Undefined index: cate_id (C:\xampp\htdocs\ideality\protected\controllers\SiteController.php:112)
Stack trace:
#0 C:\xampp\yii\framework\web\CController.php(286): SiteController->runAction()
#1 C:\xampp\yii\framework\web\CController.php(265): SiteController->runActionWithFilters()
#2 C:\xampp\yii\framework\web\CWebApplication.php(282): SiteController->run()
#3 C:\xampp\yii\framework\web\CWebApplication.php(141): CWebApplication->runController()
#4 C:\xampp\yii\framework\base\CApplication.php(180): CWebApplication->processRequest()
#5 C:\xampp\htdocs\ideality\index.php(13): CWebApplication->run()
REQUEST_URI=/ideality/index.php?r=site/listideality
in C:\xampp\htdocs\ideality\protected\controllers\SiteController.php (112)
in C:\xampp\htdocs\ideality\index.php (13)
2014/01/08 16:50:38 [error] [system.db.CDbCommand] CDbCommand::fetchAll() failed: SQLSTATE[42S22]: Column not found: 1054 Unknown column 'user.user_id' in 'where clause'. The SQL statement executed was: SELECT `user`.`id` AS `t1_c0`, `user`.`username` AS `t1_c1`, `user`.`email` AS `t1_c3`, `user`.`create_at` AS `t1_c5`, `user`.`lastvisit_at` AS `t1_c6`, `user`.`superuser` AS `t1_c7`, `user`.`status` AS `t1_c8`, `profile`.`user_id` AS `t2_c0`, `profile`.`lastname` AS `t2_c1`, `profile`.`firstname` AS `t2_c2`, `profile`.`phone` AS `t2_c3` FROM `users` `user`  LEFT OUTER JOIN `profiles` `profile` ON (`profile`.`user_id`=`user`.`id`)  WHERE (`user`.`user_id`=:ypl0).
in C:\xampp\htdocs\ideality\protected\views\site\listideality.php (15)
in C:\xampp\htdocs\ideality\protected\controllers\SiteController.php (123)
in C:\xampp\htdocs\ideality\index.php (13)
2014/01/08 16:50:38 [error] [exception.CDbException] exception 'CDbException' with message 'CDbCommand failed to execute the SQL statement: SQLSTATE[42S22]: Column not found: 1054 Unknown column 'user.user_id' in 'where clause'. The SQL statement executed was: SELECT `user`.`id` AS `t1_c0`, `user`.`username` AS `t1_c1`, `user`.`email` AS `t1_c3`, `user`.`create_at` AS `t1_c5`, `user`.`lastvisit_at` AS `t1_c6`, `user`.`superuser` AS `t1_c7`, `user`.`status` AS `t1_c8`, `profile`.`user_id` AS `t2_c0`, `profile`.`lastname` AS `t2_c1`, `profile`.`firstname` AS `t2_c2`, `profile`.`phone` AS `t2_c3` FROM `users` `user`  LEFT OUTER JOIN `profiles` `profile` ON (`profile`.`user_id`=`user`.`id`)  WHERE (`user`.`user_id`=:ypl0)' in C:\xampp\yii\framework\db\CDbCommand.php:543
Stack trace:
#0 C:\xampp\yii\framework\db\CDbCommand.php(396): CDbCommand->queryInternal('fetchAll', Array, Array)
#1 C:\xampp\yii\framework\db\ar\CActiveFinder.php(803): CDbCommand->queryAll()
#2 C:\xampp\yii\framework\db\ar\CActiveFinder.php(507): CJoinElement->runQuery(Object(CJoinQuery))
#3 C:\xampp\yii\framework\db\ar\CActiveFinder.php(163): CJoinElement->lazyFind(Object(Ideality))
#4 C:\xampp\yii\framework\db\ar\CActiveRecord.php(281): CActiveFinder->lazyFind(Object(Ideality))
#5 C:\xampp\yii\framework\db\ar\CActiveRecord.php(143): CActiveRecord->getRelated('user')
#6 C:\xampp\yii\framework\base\CModel.php(596): CActiveRecord->__get('user')
#7 C:\xampp\htdocs\ideality\protected\views\site\listideality.php(15): CModel->offsetGet('user')
#8 C:\xampp\yii\framework\web\CBaseController.php(126): require('C:\xampp\htdocs...')
#9 C:\xampp\yii\framework\web\CBaseController.php(95): CBaseController->renderInternal('C:\xampp\htdocs...', Array, true)
#10 C:\xampp\yii\framework\web\CController.php(869): CBaseController->renderFile('C:\xampp\htdocs...', Array, true)
#11 C:\xampp\yii\framework\web\CController.php(782): CController->renderPartial('listideality', Array, true)
#12 C:\xampp\htdocs\ideality\protected\controllers\SiteController.php(123): CController->render('listideality', Array)
#13 C:\xampp\yii\framework\web\actions\CInlineAction.php(49): SiteController->actionListIdeality()
#14 C:\xampp\yii\framework\web\CController.php(308): CInlineAction->runWithParams(Array)
#15 C:\xampp\yii\framework\web\CController.php(286): CController->runAction(Object(CInlineAction))
#16 C:\xampp\yii\framework\web\CController.php(265): CController->runActionWithFilters(Object(CInlineAction), Array)
#17 C:\xampp\yii\framework\web\CWebApplication.php(282): CController->run('listideality')
#18 C:\xampp\yii\framework\web\CWebApplication.php(141): CWebApplication->runController('site/listideali...')
#19 C:\xampp\yii\framework\base\CApplication.php(180): CWebApplication->processRequest()
#20 C:\xampp\htdocs\ideality\index.php(13): CApplication->run()
#21 {main}
REQUEST_URI=/ideality/index.php?r=site/listideality&cate_id
---
2014/01/08 16:53:33 [error] [php] Undefined index: cate_id (C:\xampp\htdocs\ideality\protected\controllers\SiteController.php:112)
Stack trace:
#0 C:\xampp\yii\framework\web\CController.php(286): SiteController->runAction()
#1 C:\xampp\yii\framework\web\CController.php(265): SiteController->runActionWithFilters()
#2 C:\xampp\yii\framework\web\CWebApplication.php(282): SiteController->run()
#3 C:\xampp\yii\framework\web\CWebApplication.php(141): CWebApplication->runController()
#4 C:\xampp\yii\framework\base\CApplication.php(180): CWebApplication->processRequest()
#5 C:\xampp\htdocs\ideality\index.php(13): CWebApplication->run()
REQUEST_URI=/ideality/index.php?r=site/listideality
in C:\xampp\htdocs\ideality\protected\controllers\SiteController.php (112)
in C:\xampp\htdocs\ideality\index.php (13)
2014/01/08 16:54:54 [error] [system.db.CDbCommand] CDbCommand::fetchAll() failed: SQLSTATE[42S22]: Column not found: 1054 Unknown column 'user.user_id' in 'where clause'. The SQL statement executed was: SELECT `user`.`id` AS `t1_c0`, `user`.`username` AS `t1_c1`, `user`.`email` AS `t1_c3`, `user`.`create_at` AS `t1_c5`, `user`.`lastvisit_at` AS `t1_c6`, `user`.`superuser` AS `t1_c7`, `user`.`status` AS `t1_c8`, `profile`.`user_id` AS `t2_c0`, `profile`.`lastname` AS `t2_c1`, `profile`.`firstname` AS `t2_c2`, `profile`.`phone` AS `t2_c3` FROM `users` `user`  LEFT OUTER JOIN `profiles` `profile` ON (`profile`.`user_id`=`user`.`id`)  WHERE (`user`.`user_id`=:ypl0).
in C:\xampp\htdocs\ideality\protected\views\site\listideality.php (15)
in C:\xampp\htdocs\ideality\protected\controllers\SiteController.php (123)
in C:\xampp\htdocs\ideality\index.php (13)
2014/01/08 16:54:54 [error] [exception.CDbException] exception 'CDbException' with message 'CDbCommand failed to execute the SQL statement: SQLSTATE[42S22]: Column not found: 1054 Unknown column 'user.user_id' in 'where clause'. The SQL statement executed was: SELECT `user`.`id` AS `t1_c0`, `user`.`username` AS `t1_c1`, `user`.`email` AS `t1_c3`, `user`.`create_at` AS `t1_c5`, `user`.`lastvisit_at` AS `t1_c6`, `user`.`superuser` AS `t1_c7`, `user`.`status` AS `t1_c8`, `profile`.`user_id` AS `t2_c0`, `profile`.`lastname` AS `t2_c1`, `profile`.`firstname` AS `t2_c2`, `profile`.`phone` AS `t2_c3` FROM `users` `user`  LEFT OUTER JOIN `profiles` `profile` ON (`profile`.`user_id`=`user`.`id`)  WHERE (`user`.`user_id`=:ypl0)' in C:\xampp\yii\framework\db\CDbCommand.php:543
Stack trace:
#0 C:\xampp\yii\framework\db\CDbCommand.php(396): CDbCommand->queryInternal('fetchAll', Array, Array)
#1 C:\xampp\yii\framework\db\ar\CActiveFinder.php(803): CDbCommand->queryAll()
#2 C:\xampp\yii\framework\db\ar\CActiveFinder.php(507): CJoinElement->runQuery(Object(CJoinQuery))
#3 C:\xampp\yii\framework\db\ar\CActiveFinder.php(163): CJoinElement->lazyFind(Object(Ideality))
#4 C:\xampp\yii\framework\db\ar\CActiveRecord.php(281): CActiveFinder->lazyFind(Object(Ideality))
#5 C:\xampp\yii\framework\db\ar\CActiveRecord.php(143): CActiveRecord->getRelated('user')
#6 C:\xampp\yii\framework\base\CModel.php(596): CActiveRecord->__get('user')
#7 C:\xampp\htdocs\ideality\protected\views\site\listideality.php(15): CModel->offsetGet('user')
#8 C:\xampp\yii\framework\web\CBaseController.php(126): require('C:\xampp\htdocs...')
#9 C:\xampp\yii\framework\web\CBaseController.php(95): CBaseController->renderInternal('C:\xampp\htdocs...', Array, true)
#10 C:\xampp\yii\framework\web\CController.php(869): CBaseController->renderFile('C:\xampp\htdocs...', Array, true)
#11 C:\xampp\yii\framework\web\CController.php(782): CController->renderPartial('listideality', Array, true)
#12 C:\xampp\htdocs\ideality\protected\controllers\SiteController.php(123): CController->render('listideality', Array)
#13 C:\xampp\yii\framework\web\actions\CInlineAction.php(49): SiteController->actionListIdeality()
#14 C:\xampp\yii\framework\web\CController.php(308): CInlineAction->runWithParams(Array)
#15 C:\xampp\yii\framework\web\CController.php(286): CController->runAction(Object(CInlineAction))
#16 C:\xampp\yii\framework\web\CController.php(265): CController->runActionWithFilters(Object(CInlineAction), Array)
#17 C:\xampp\yii\framework\web\CWebApplication.php(282): CController->run('listideality')
#18 C:\xampp\yii\framework\web\CWebApplication.php(141): CWebApplication->runController('site/listideali...')
#19 C:\xampp\yii\framework\base\CApplication.php(180): CWebApplication->processRequest()
#20 C:\xampp\htdocs\ideality\index.php(13): CApplication->run()
#21 {main}
REQUEST_URI=/ideality/index.php?r=site/listideality&cate_id
---
2014/01/08 16:57:26 [error] [exception.CException] exception 'CException' with message 'Property "Profile.first_name" is not defined.' in C:\xampp\yii\framework\base\CComponent.php:130
Stack trace:
#0 C:\xampp\yii\framework\db\ar\CActiveRecord.php(145): CComponent->__get('first_name')
#1 C:\xampp\yii\framework\base\CModel.php(596): CActiveRecord->__get('first_name')
#2 C:\xampp\htdocs\ideality\protected\views\site\listideality.php(15): CModel->offsetGet('first_name')
#3 C:\xampp\yii\framework\web\CBaseController.php(126): require('C:\xampp\htdocs...')
#4 C:\xampp\yii\framework\web\CBaseController.php(95): CBaseController->renderInternal('C:\xampp\htdocs...', Array, true)
#5 C:\xampp\yii\framework\web\CController.php(869): CBaseController->renderFile('C:\xampp\htdocs...', Array, true)
#6 C:\xampp\yii\framework\web\CController.php(782): CController->renderPartial('listideality', Array, true)
#7 C:\xampp\htdocs\ideality\protected\controllers\SiteController.php(123): CController->render('listideality', Array)
#8 C:\xampp\yii\framework\web\actions\CInlineAction.php(49): SiteController->actionListIdeality()
#9 C:\xampp\yii\framework\web\CController.php(308): CInlineAction->runWithParams(Array)
#10 C:\xampp\yii\framework\web\CController.php(286): CController->runAction(Object(CInlineAction))
#11 C:\xampp\yii\framework\web\CController.php(265): CController->runActionWithFilters(Object(CInlineAction), Array)
#12 C:\xampp\yii\framework\web\CWebApplication.php(282): CController->run('listideality')
#13 C:\xampp\yii\framework\web\CWebApplication.php(141): CWebApplication->runController('site/listideali...')
#14 C:\xampp\yii\framework\base\CApplication.php(180): CWebApplication->processRequest()
#15 C:\xampp\htdocs\ideality\index.php(13): CApplication->run()
#16 {main}
REQUEST_URI=/ideality/index.php?r=site/listideality&cate_id
---
2014/01/08 17:07:01 [error] [exception.CException] exception 'CException' with message 'Property "CDbCriteria.cate_id" is not defined.' in C:\xampp\yii\framework\base\CComponent.php:173
Stack trace:
#0 C:\xampp\yii\framework\db\schema\CDbCriteria.php(160): CComponent->__set('cate_id', '1')
#1 C:\xampp\yii\framework\db\schema\CDbCommandBuilder.php(585): CDbCriteria->__construct(Array)
#2 C:\xampp\yii\framework\db\ar\CActiveRecord.php(1469): CDbCommandBuilder->createCriteria(Array, Array)
#3 C:\xampp\htdocs\ideality\protected\controllers\SiteController.php(115): CActiveRecord->findAll(Array)
#4 C:\xampp\yii\framework\web\actions\CInlineAction.php(49): SiteController->actionListIdeality()
#5 C:\xampp\yii\framework\web\CController.php(308): CInlineAction->runWithParams(Array)
#6 C:\xampp\yii\framework\web\CController.php(286): CController->runAction(Object(CInlineAction))
#7 C:\xampp\yii\framework\web\CController.php(265): CController->runActionWithFilters(Object(CInlineAction), Array)
#8 C:\xampp\yii\framework\web\CWebApplication.php(282): CController->run('listideality')
#9 C:\xampp\yii\framework\web\CWebApplication.php(141): CWebApplication->runController('site/listideali...')
#10 C:\xampp\yii\framework\base\CApplication.php(180): CWebApplication->processRequest()
#11 C:\xampp\htdocs\ideality\index.php(13): CApplication->run()
#12 {main}
REQUEST_URI=/ideality/index.php?r=site/listideality&cate_id=1
HTTP_REFERER=http://localhost/ideality/index.php
---
2014/01/08 17:09:18 [error] [exception.CException] exception 'CException' with message 'Property "CDbCriteria.0" is not defined.' in C:\xampp\yii\framework\base\CComponent.php:173
Stack trace:
#0 C:\xampp\yii\framework\db\schema\CDbCriteria.php(160): CComponent->__set('0', 'cate_id=1')
#1 C:\xampp\yii\framework\db\schema\CDbCommandBuilder.php(585): CDbCriteria->__construct(Array)
#2 C:\xampp\yii\framework\db\ar\CActiveRecord.php(1469): CDbCommandBuilder->createCriteria(Array, Array)
#3 C:\xampp\htdocs\ideality\protected\controllers\SiteController.php(115): CActiveRecord->findAll(Array)
#4 C:\xampp\yii\framework\web\actions\CInlineAction.php(49): SiteController->actionListIdeality()
#5 C:\xampp\yii\framework\web\CController.php(308): CInlineAction->runWithParams(Array)
#6 C:\xampp\yii\framework\web\CController.php(286): CController->runAction(Object(CInlineAction))
#7 C:\xampp\yii\framework\web\CController.php(265): CController->runActionWithFilters(Object(CInlineAction), Array)
#8 C:\xampp\yii\framework\web\CWebApplication.php(282): CController->run('listideality')
#9 C:\xampp\yii\framework\web\CWebApplication.php(141): CWebApplication->runController('site/listideali...')
#10 C:\xampp\yii\framework\base\CApplication.php(180): CWebApplication->processRequest()
#11 C:\xampp\htdocs\ideality\index.php(13): CApplication->run()
#12 {main}
REQUEST_URI=/ideality/index.php?r=site/listideality&cate_id=1
HTTP_REFERER=http://localhost/ideality/index.php
---
2014/01/08 17:13:46 [error] [php] Undefined index: cate_id (C:\xampp\htdocs\ideality\protected\controllers\SiteController.php:112)
Stack trace:
#0 C:\xampp\yii\framework\web\CController.php(286): SiteController->runAction()
#1 C:\xampp\yii\framework\web\CController.php(265): SiteController->runActionWithFilters()
#2 C:\xampp\yii\framework\web\CWebApplication.php(282): SiteController->run()
#3 C:\xampp\yii\framework\web\CWebApplication.php(141): CWebApplication->runController()
#4 C:\xampp\yii\framework\base\CApplication.php(180): CWebApplication->processRequest()
#5 C:\xampp\htdocs\ideality\index.php(13): CWebApplication->run()
REQUEST_URI=/ideality/index.php?r=site/listideality
in C:\xampp\htdocs\ideality\protected\controllers\SiteController.php (112)
in C:\xampp\htdocs\ideality\index.php (13)
2014/01/08 17:22:55 [error] [php] Undefined index: cate_id (C:\xampp\htdocs\ideality\protected\controllers\SiteController.php:112)
Stack trace:
#0 C:\xampp\yii\framework\web\CController.php(286): SiteController->runAction()
#1 C:\xampp\yii\framework\web\CController.php(265): SiteController->runActionWithFilters()
#2 C:\xampp\yii\framework\web\CWebApplication.php(282): SiteController->run()
#3 C:\xampp\yii\framework\web\CWebApplication.php(141): CWebApplication->runController()
#4 C:\xampp\yii\framework\base\CApplication.php(180): CWebApplication->processRequest()
#5 C:\xampp\htdocs\ideality\index.php(13): CWebApplication->run()
REQUEST_URI=/ideality/index.php?r=site/listideality&
in C:\xampp\htdocs\ideality\protected\controllers\SiteController.php (112)
in C:\xampp\htdocs\ideality\index.php (13)
2014/01/09 02:41:17 [warning] [application] Failed to set unsafe attribute "file_attach" of "Ideality".
in C:\xampp\htdocs\ideality\protected\controllers\IdealityController.php (75)
in C:\xampp\htdocs\ideality\index.php (13)
2014/01/09 15:50:26 [error] [exception.CHttpException.404] exception 'CHttpException' with message 'The system is unable to find the requested action "edit".' in C:\xampp\yii\framework\web\CController.php:483
Stack trace:
#0 C:\xampp\yii\framework\web\CController.php(270): CController->missingAction('edit')
#1 C:\xampp\yii\framework\web\CWebApplication.php(282): CController->run('edit')
#2 C:\xampp\yii\framework\web\CWebApplication.php(141): CWebApplication->runController('ideality/edit')
#3 C:\xampp\yii\framework\base\CApplication.php(180): CWebApplication->processRequest()
#4 C:\xampp\htdocs\ideality\index.php(13): CApplication->run()
#5 {main}
REQUEST_URI=/ideality/index.php?r=ideality/edit&id=1
HTTP_REFERER=http://localhost/ideality/index.php?r=site/pastideality
---
2014/01/09 15:51:46 [error] [exception.CHttpException.400] exception 'CHttpException' with message 'Invalid request. Please do not repeat this request again.' in C:\xampp\htdocs\ideality\protected\controllers\IdealityController.php:128
Stack trace:
#0 C:\xampp\yii\framework\web\actions\CInlineAction.php(49): IdealityController->actionDelete()
#1 C:\xampp\yii\framework\web\CController.php(308): CInlineAction->runWithParams(Array)
#2 C:\xampp\yii\framework\web\filters\CFilterChain.php(133): CController->runAction(Object(CInlineAction))
#3 C:\xampp\yii\framework\web\filters\CFilter.php(40): CFilterChain->run()
#4 C:\xampp\yii\framework\web\CController.php(1145): CFilter->filter(Object(CFilterChain))
#5 C:\xampp\yii\framework\web\filters\CInlineFilter.php(58): CController->filterAccessControl(Object(CFilterChain))
#6 C:\xampp\yii\framework\web\filters\CFilterChain.php(130): CInlineFilter->filter(Object(CFilterChain))
#7 C:\xampp\yii\framework\web\CController.php(291): CFilterChain->run()
#8 C:\xampp\yii\framework\web\CController.php(265): CController->runActionWithFilters(Object(CInlineAction), Array)
#9 C:\xampp\yii\framework\web\CWebApplication.php(282): CController->run('delete')
#10 C:\xampp\yii\framework\web\CWebApplication.php(141): CWebApplication->runController('ideality/delete')
#11 C:\xampp\yii\framework\base\CApplication.php(180): CWebApplication->processRequest()
#12 C:\xampp\htdocs\ideality\index.php(13): CApplication->run()
#13 {main}
REQUEST_URI=/ideality/index.php?r=ideality/delete&id=1
HTTP_REFERER=http://localhost/ideality/index.php?r=site/pastideality
---
2014/01/09 15:52:32 [error] [exception.CHttpException.400] exception 'CHttpException' with message 'Invalid request. Please do not repeat this request again.' in C:\xampp\htdocs\ideality\protected\controllers\IdealityController.php:128
Stack trace:
#0 C:\xampp\yii\framework\web\actions\CInlineAction.php(49): IdealityController->actionDelete()
#1 C:\xampp\yii\framework\web\CController.php(308): CInlineAction->runWithParams(Array)
#2 C:\xampp\yii\framework\web\filters\CFilterChain.php(133): CController->runAction(Object(CInlineAction))
#3 C:\xampp\yii\framework\web\filters\CFilter.php(40): CFilterChain->run()
#4 C:\xampp\yii\framework\web\CController.php(1145): CFilter->filter(Object(CFilterChain))
#5 C:\xampp\yii\framework\web\filters\CInlineFilter.php(58): CController->filterAccessControl(Object(CFilterChain))
#6 C:\xampp\yii\framework\web\filters\CFilterChain.php(130): CInlineFilter->filter(Object(CFilterChain))
#7 C:\xampp\yii\framework\web\CController.php(291): CFilterChain->run()
#8 C:\xampp\yii\framework\web\CController.php(265): CController->runActionWithFilters(Object(CInlineAction), Array)
#9 C:\xampp\yii\framework\web\CWebApplication.php(282): CController->run('delete')
#10 C:\xampp\yii\framework\web\CWebApplication.php(141): CWebApplication->runController('ideality/delete')
#11 C:\xampp\yii\framework\base\CApplication.php(180): CWebApplication->processRequest()
#12 C:\xampp\htdocs\ideality\index.php(13): CApplication->run()
#13 {main}
REQUEST_URI=/ideality/index.php?r=ideality/delete&id=1
HTTP_REFERER=http://localhost/ideality/index.php?r=site/pastideality
---
2014/01/09 15:52:53 [error] [exception.CHttpException.400] exception 'CHttpException' with message 'Invalid request. Please do not repeat this request again.' in C:\xampp\htdocs\ideality\protected\controllers\IdealityController.php:128
Stack trace:
#0 C:\xampp\yii\framework\web\actions\CInlineAction.php(49): IdealityController->actionDelete()
#1 C:\xampp\yii\framework\web\CController.php(308): CInlineAction->runWithParams(Array)
#2 C:\xampp\yii\framework\web\filters\CFilterChain.php(133): CController->runAction(Object(CInlineAction))
#3 C:\xampp\yii\framework\web\filters\CFilter.php(40): CFilterChain->run()
#4 C:\xampp\yii\framework\web\CController.php(1145): CFilter->filter(Object(CFilterChain))
#5 C:\xampp\yii\framework\web\filters\CInlineFilter.php(58): CController->filterAccessControl(Object(CFilterChain))
#6 C:\xampp\yii\framework\web\filters\CFilterChain.php(130): CInlineFilter->filter(Object(CFilterChain))
#7 C:\xampp\yii\framework\web\CController.php(291): CFilterChain->run()
#8 C:\xampp\yii\framework\web\CController.php(265): CController->runActionWithFilters(Object(CInlineAction), Array)
#9 C:\xampp\yii\framework\web\CWebApplication.php(282): CController->run('delete')
#10 C:\xampp\yii\framework\web\CWebApplication.php(141): CWebApplication->runController('ideality/delete')
#11 C:\xampp\yii\framework\base\CApplication.php(180): CWebApplication->processRequest()
#12 C:\xampp\htdocs\ideality\index.php(13): CApplication->run()
#13 {main}
REQUEST_URI=/ideality/index.php?r=ideality/delete&id=1
---
2014/01/09 15:52:55 [error] [exception.CHttpException.400] exception 'CHttpException' with message 'Invalid request. Please do not repeat this request again.' in C:\xampp\htdocs\ideality\protected\controllers\IdealityController.php:128
Stack trace:
#0 C:\xampp\yii\framework\web\actions\CInlineAction.php(49): IdealityController->actionDelete()
#1 C:\xampp\yii\framework\web\CController.php(308): CInlineAction->runWithParams(Array)
#2 C:\xampp\yii\framework\web\filters\CFilterChain.php(133): CController->runAction(Object(CInlineAction))
#3 C:\xampp\yii\framework\web\filters\CFilter.php(40): CFilterChain->run()
#4 C:\xampp\yii\framework\web\CController.php(1145): CFilter->filter(Object(CFilterChain))
#5 C:\xampp\yii\framework\web\filters\CInlineFilter.php(58): CController->filterAccessControl(Object(CFilterChain))
#6 C:\xampp\yii\framework\web\filters\CFilterChain.php(130): CInlineFilter->filter(Object(CFilterChain))
#7 C:\xampp\yii\framework\web\CController.php(291): CFilterChain->run()
#8 C:\xampp\yii\framework\web\CController.php(265): CController->runActionWithFilters(Object(CInlineAction), Array)
#9 C:\xampp\yii\framework\web\CWebApplication.php(282): CController->run('delete')
#10 C:\xampp\yii\framework\web\CWebApplication.php(141): CWebApplication->runController('ideality/delete')
#11 C:\xampp\yii\framework\base\CApplication.php(180): CWebApplication->processRequest()
#12 C:\xampp\htdocs\ideality\index.php(13): CApplication->run()
#13 {main}
REQUEST_URI=/ideality/index.php?r=ideality/delete
---
2014/01/09 15:54:44 [error] [exception.CHttpException.400] exception 'CHttpException' with message 'Invalid request. Please do not repeat this request again.' in C:\xampp\htdocs\ideality\protected\controllers\IdealityController.php:128
Stack trace:
#0 C:\xampp\yii\framework\web\actions\CInlineAction.php(49): IdealityController->actionDelete()
#1 C:\xampp\yii\framework\web\CController.php(308): CInlineAction->runWithParams(Array)
#2 C:\xampp\yii\framework\web\filters\CFilterChain.php(133): CController->runAction(Object(CInlineAction))
#3 C:\xampp\yii\framework\web\filters\CFilter.php(40): CFilterChain->run()
#4 C:\xampp\yii\framework\web\CController.php(1145): CFilter->filter(Object(CFilterChain))
#5 C:\xampp\yii\framework\web\filters\CInlineFilter.php(58): CController->filterAccessControl(Object(CFilterChain))
#6 C:\xampp\yii\framework\web\filters\CFilterChain.php(130): CInlineFilter->filter(Object(CFilterChain))
#7 C:\xampp\yii\framework\web\CController.php(291): CFilterChain->run()
#8 C:\xampp\yii\framework\web\CController.php(265): CController->runActionWithFilters(Object(CInlineAction), Array)
#9 C:\xampp\yii\framework\web\CWebApplication.php(282): CController->run('delete')
#10 C:\xampp\yii\framework\web\CWebApplication.php(141): CWebApplication->runController('ideality/delete')
#11 C:\xampp\yii\framework\base\CApplication.php(180): CWebApplication->processRequest()
#12 C:\xampp\htdocs\ideality\index.php(13): CApplication->run()
#13 {main}
REQUEST_URI=/ideality/index.php?r=ideality/delete&id=3
HTTP_REFERER=http://localhost/ideality/index.php?r=site/pastideality
---
2014/01/09 16:02:02 [error] [exception.CHttpException.400] exception 'CHttpException' with message 'Invalid request. Please do not repeat this request again.' in C:\xampp\htdocs\ideality\protected\controllers\IdealityController.php:128
Stack trace:
#0 C:\xampp\yii\framework\web\actions\CInlineAction.php(49): IdealityController->actionDelete()
#1 C:\xampp\yii\framework\web\CController.php(308): CInlineAction->runWithParams(Array)
#2 C:\xampp\yii\framework\web\filters\CFilterChain.php(133): CController->runAction(Object(CInlineAction))
#3 C:\xampp\yii\framework\web\filters\CFilter.php(40): CFilterChain->run()
#4 C:\xampp\yii\framework\web\CController.php(1145): CFilter->filter(Object(CFilterChain))
#5 C:\xampp\yii\framework\web\filters\CInlineFilter.php(58): CController->filterAccessControl(Object(CFilterChain))
#6 C:\xampp\yii\framework\web\filters\CFilterChain.php(130): CInlineFilter->filter(Object(CFilterChain))
#7 C:\xampp\yii\framework\web\CController.php(291): CFilterChain->run()
#8 C:\xampp\yii\framework\web\CController.php(265): CController->runActionWithFilters(Object(CInlineAction), Array)
#9 C:\xampp\yii\framework\web\CWebApplication.php(282): CController->run('delete')
#10 C:\xampp\yii\framework\web\CWebApplication.php(141): CWebApplication->runController('ideality/delete')
#11 C:\xampp\yii\framework\base\CApplication.php(180): CWebApplication->processRequest()
#12 C:\xampp\htdocs\ideality\index.php(13): CApplication->run()
#13 {main}
REQUEST_URI=/ideality/index.php?r=ideality/delete&id=1
HTTP_REFERER=http://localhost/ideality/index.php?r=site/pastideality
---
2014/01/09 16:02:35 [error] [exception.CHttpException.404] exception 'CHttpException' with message 'Unable to resolve the request "user/delete".' in C:\xampp\yii\framework\web\CWebApplication.php:286
Stack trace:
#0 C:\xampp\yii\framework\web\CWebApplication.php(141): CWebApplication->runController('user/delete')
#1 C:\xampp\yii\framework\base\CApplication.php(180): CWebApplication->processRequest()
#2 C:\xampp\htdocs\ideality\index.php(13): CApplication->run()
#3 {main}
REQUEST_URI=/ideality/index.php?r=user/delete&id=1
---
2014/01/09 16:02:48 [error] [exception.CHttpException.400] exception 'CHttpException' with message 'Invalid request. Please do not repeat this request again.' in C:\xampp\htdocs\ideality\protected\controllers\CategoryController.php:124
Stack trace:
#0 C:\xampp\yii\framework\web\actions\CInlineAction.php(49): CategoryController->actionDelete()
#1 C:\xampp\yii\framework\web\CController.php(308): CInlineAction->runWithParams(Array)
#2 C:\xampp\yii\framework\web\filters\CFilterChain.php(133): CController->runAction(Object(CInlineAction))
#3 C:\xampp\yii\framework\web\filters\CFilter.php(40): CFilterChain->run()
#4 C:\xampp\yii\framework\web\CController.php(1145): CFilter->filter(Object(CFilterChain))
#5 C:\xampp\yii\framework\web\filters\CInlineFilter.php(58): CController->filterAccessControl(Object(CFilterChain))
#6 C:\xampp\yii\framework\web\filters\CFilterChain.php(130): CInlineFilter->filter(Object(CFilterChain))
#7 C:\xampp\yii\framework\web\CController.php(291): CFilterChain->run()
#8 C:\xampp\yii\framework\web\CController.php(265): CController->runActionWithFilters(Object(CInlineAction), Array)
#9 C:\xampp\yii\framework\web\CWebApplication.php(282): CController->run('delete')
#10 C:\xampp\yii\framework\web\CWebApplication.php(141): CWebApplication->runController('category/delete')
#11 C:\xampp\yii\framework\base\CApplication.php(180): CWebApplication->processRequest()
#12 C:\xampp\htdocs\ideality\index.php(13): CApplication->run()
#13 {main}
REQUEST_URI=/ideality/index.php?r=category/delete&id=1
---
2014/01/09 16:03:36 [error] [exception.CHttpException.400] exception 'CHttpException' with message 'Invalid request. Please do not repeat this request again.' in C:\xampp\htdocs\ideality\protected\controllers\CategoryController.php:124
Stack trace:
#0 C:\xampp\yii\framework\web\actions\CInlineAction.php(49): CategoryController->actionDelete()
#1 C:\xampp\yii\framework\web\CController.php(308): CInlineAction->runWithParams(Array)
#2 C:\xampp\yii\framework\web\filters\CFilterChain.php(133): CController->runAction(Object(CInlineAction))
#3 C:\xampp\yii\framework\web\filters\CFilter.php(40): CFilterChain->run()
#4 C:\xampp\yii\framework\web\CController.php(1145): CFilter->filter(Object(CFilterChain))
#5 C:\xampp\yii\framework\web\filters\CInlineFilter.php(58): CController->filterAccessControl(Object(CFilterChain))
#6 C:\xampp\yii\framework\web\filters\CFilterChain.php(130): CInlineFilter->filter(Object(CFilterChain))
#7 C:\xampp\yii\framework\web\CController.php(291): CFilterChain->run()
#8 C:\xampp\yii\framework\web\CController.php(265): CController->runActionWithFilters(Object(CInlineAction), Array)
#9 C:\xampp\yii\framework\web\CWebApplication.php(282): CController->run('delete')
#10 C:\xampp\yii\framework\web\CWebApplication.php(141): CWebApplication->runController('category/delete')
#11 C:\xampp\yii\framework\base\CApplication.php(180): CWebApplication->processRequest()
#12 C:\xampp\htdocs\ideality\index.php(13): CApplication->run()
#13 {main}
REQUEST_URI=/ideality/index.php?r=category/delete&id=1
---
2014/01/09 16:03:42 [error] [exception.CHttpException.400] exception 'CHttpException' with message 'Invalid request. Please do not repeat this request again.' in C:\xampp\htdocs\ideality\protected\controllers\CategoryController.php:124
Stack trace:
#0 C:\xampp\yii\framework\web\actions\CInlineAction.php(49): CategoryController->actionDelete()
#1 C:\xampp\yii\framework\web\CController.php(308): CInlineAction->runWithParams(Array)
#2 C:\xampp\yii\framework\web\filters\CFilterChain.php(133): CController->runAction(Object(CInlineAction))
#3 C:\xampp\yii\framework\web\filters\CFilter.php(40): CFilterChain->run()
#4 C:\xampp\yii\framework\web\CController.php(1145): CFilter->filter(Object(CFilterChain))
#5 C:\xampp\yii\framework\web\filters\CInlineFilter.php(58): CController->filterAccessControl(Object(CFilterChain))
#6 C:\xampp\yii\framework\web\filters\CFilterChain.php(130): CInlineFilter->filter(Object(CFilterChain))
#7 C:\xampp\yii\framework\web\CController.php(291): CFilterChain->run()
#8 C:\xampp\yii\framework\web\CController.php(265): CController->runActionWithFilters(Object(CInlineAction), Array)
#9 C:\xampp\yii\framework\web\CWebApplication.php(282): CController->run('delete')
#10 C:\xampp\yii\framework\web\CWebApplication.php(141): CWebApplication->runController('category/delete')
#11 C:\xampp\yii\framework\base\CApplication.php(180): CWebApplication->processRequest()
#12 C:\xampp\htdocs\ideality\index.php(13): CApplication->run()
#13 {main}
REQUEST_URI=/ideality/index.php?r=category/delete&id=1
---
2014/01/09 16:10:00 [error] [exception.CHttpException.404] exception 'CHttpException' with message 'Unable to resolve the request "user/site/index".' in C:\xampp\yii\framework\web\CWebApplication.php:286
Stack trace:
#0 C:\xampp\yii\framework\web\CWebApplication.php(141): CWebApplication->runController('user/site/index')
#1 C:\xampp\yii\framework\base\CApplication.php(180): CWebApplication->processRequest()
#2 C:\xampp\htdocs\ideality\index.php(13): CApplication->run()
#3 {main}
REQUEST_URI=/ideality/index.php?r=user/site/index
HTTP_REFERER=http://localhost/ideality/index.php?r=user/profile/profile
---
2014/01/09 16:10:12 [error] [exception.CHttpException.404] exception 'CHttpException' with message 'Unable to resolve the request "user/site/index".' in C:\xampp\yii\framework\web\CWebApplication.php:286
Stack trace:
#0 C:\xampp\yii\framework\web\CWebApplication.php(141): CWebApplication->runController('user/site/index')
#1 C:\xampp\yii\framework\base\CApplication.php(180): CWebApplication->processRequest()
#2 C:\xampp\htdocs\ideality\index.php(13): CApplication->run()
#3 {main}
REQUEST_URI=/ideality/index.php?r=user/site/index
HTTP_REFERER=http://localhost/ideality/index.php?r=user/profile/profile
---
